[0.001][INFO]:      ChromeDriver 22.0.1203.0 C:\Users\Administrator\Dropbox\IdeaProjects\PageObject\ChromeDriver\chromedriver.exe

[1.132][FINE]:      Initializing session with capabilities {

   "browserName": "chrome",

   "chrome.switches": [  ],

   "chromeOptions": {

      "args": [  ],

      "extensions": [  ]

   },

   "platform": "ANY",

   "version": ""

}



[1.133][INFO]:      Launching chrome: "C:\Users\Administrator\AppData\Local\Google\Chrome\Application\chrome.exe" --disable-hang-monitor --disable-prompt-on-repost --dom-automation --full-memory-crash-report --no-default-browser-check --no-first-run --ignore-certificate-errors --disable-popup-blocking --homepage=about:blank

[1.633][INFO]:      Connected to Chrome successfully. Version: 22.0.1229.79

[1.663][FINE]:      Command received (/session/b28776ae56835f31af6aebb809f6db7f)

[1.663][FINE]:      Command finished (/session/b28776ae56835f31af6aebb809f6db7f) with response {

   "sessionId": "b28776ae56835f31af6aebb809f6db7f",

   "status": 0,

   "value": {

      "acceptSslCerts": false,

      "applicationCacheEnabled": false,

      "browserConnectionEnabled": false,

      "browserName": "chrome",

      "chrome.chromedriverVersion": "22.0.1203.0",

      "chrome.nativeEvents": false,

      "cssSelectorsEnabled": true,

      "databaseEnabled": false,

      "handlesAlerts": true,

      "javascriptEnabled": true,

      "locationContextEnabled": false,

      "nativeEvents": true,

      "platform": "windows",

      "rotatable": false,

      "takesScreenshot": true,

      "version": "22.0.1229.79",

      "webStorageEnabled": true

   }

}



[1.741][FINE]:      Command received (/session/b28776ae56835f31af6aebb809f6db7f/url) with params {

   "url": "http://totsy.com"

}



[1.741][FINER]:     Waiting for all views to stop loading...

[1.802][FINER]:     Done waiting for all views to stop loading

[5.967][FINER]:     Waiting for all views to stop loading...

[6.378][FINER]:     Done waiting for all views to stop loading

[6.378][FINE]:      Command finished (/session/b28776ae56835f31af6aebb809f6db7f/url) with response {

   "sessionId": "b28776ae56835f31af6aebb809f6db7f",

   "status": 0,

   "value": {



   }

}



[6.384][FINE]:      Command received (/session/b28776ae56835f31af6aebb809f6db7f/timeouts/implicit_wait) with params {

   "ms": 30000

}



[6.384][FINER]:     Waiting for all views to stop loading...

[6.569][FINER]:     Done waiting for all views to stop loading

[6.569][FINER]:     Waiting for all views to stop loading...

[6.577][FINER]:     Done waiting for all views to stop loading

[6.577][FINE]:      Command finished (/session/b28776ae56835f31af6aebb809f6db7f/timeouts/implicit_wait) with response {

   "sessionId": "b28776ae56835f31af6aebb809f6db7f",

   "status": 0,

   "value": {



   }

}



[6.580][FINE]:      Command received (/session/b28776ae56835f31af6aebb809f6db7f/element) with params {

   "using": "css selector",

   "value": "#email"

}



[6.580][FINER]:     Waiting for all views to stop loading...

[6.580][FINER]:     Done waiting for all views to stop loading

[6.599][FINER]:     Waiting for all views to stop loading...

[6.599][FINER]:     Done waiting for all views to stop loading

[6.599][FINE]:      Command finished (/session/b28776ae56835f31af6aebb809f6db7f/element) with response {

   "sessionId": "b28776ae56835f31af6aebb809f6db7f",

   "status": 0,

   "value": {

      "ELEMENT": ":wdc:1349119013657"

   }

}



[6.606][FINE]:      Command received (/session/b28776ae56835f31af6aebb809f6db7f/element/:wdc:1349119013657/value) with params {

   "id": ":wdc:1349119013657",

   "value": [ "syed@hotmail.com" ]

}



[6.606][FINER]:     Waiting for all views to stop loading...

[6.607][FINER]:     Done waiting for all views to stop loading

[6.840][FINER]:     Waiting for all views to stop loading...

[6.840][FINER]:     Done waiting for all views to stop loading

[6.840][FINE]:      Command finished (/session/b28776ae56835f31af6aebb809f6db7f/element/:wdc:1349119013657/value) with response {

   "sessionId": "b28776ae56835f31af6aebb809f6db7f",

   "status": 0,

   "value": {



   }

}



[6.844][FINE]:      Command received (/session/b28776ae56835f31af6aebb809f6db7f/element) with params {

   "using": "css selector",

   "value": "#pass"

}



[6.844][FINER]:     Waiting for all views to stop loading...

[6.844][FINER]:     Done waiting for all views to stop loading

[6.861][FINER]:     Waiting for all views to stop loading...

[6.862][FINER]:     Done waiting for all views to stop loading

[6.862][FINE]:      Command finished (/session/b28776ae56835f31af6aebb809f6db7f/element) with response {

   "sessionId": "b28776ae56835f31af6aebb809f6db7f",

   "status": 0,

   "value": {

      "ELEMENT": ":wdc:1349119013658"

   }

}



[6.865][FINE]:      Command received (/session/b28776ae56835f31af6aebb809f6db7f/element/:wdc:1349119013658/value) with params {

   "id": ":wdc:1349119013658",

   "value": [ "sami3092" ]

}



[6.865][FINER]:     Waiting for all views to stop loading...

[6.866][FINER]:     Done waiting for all views to stop loading

[7.118][FINER]:     Waiting for all views to stop loading...

[7.119][FINER]:     Done waiting for all views to stop loading

[7.119][FINE]:      Command finished (/session/b28776ae56835f31af6aebb809f6db7f/element/:wdc:1349119013658/value) with response {

   "sessionId": "b28776ae56835f31af6aebb809f6db7f",

   "status": 0,

   "value": {



   }

}



[7.122][FINE]:      Command received (/session/b28776ae56835f31af6aebb809f6db7f/element) with params {

   "using": "css selector",

   "value": "#submit-button"

}



[7.122][FINER]:     Waiting for all views to stop loading...

[7.123][FINER]:     Done waiting for all views to stop loading

[7.140][FINER]:     Waiting for all views to stop loading...

[7.140][FINER]:     Done waiting for all views to stop loading

[7.140][FINE]:      Command finished (/session/b28776ae56835f31af6aebb809f6db7f/element) with response {

   "sessionId": "b28776ae56835f31af6aebb809f6db7f",

   "status": 0,

   "value": {

      "ELEMENT": ":wdc:1349119013659"

   }

}



[7.144][FINE]:      Command received (/session/b28776ae56835f31af6aebb809f6db7f/element/:wdc:1349119013659/click) with params {

   "id": ":wdc:1349119013659"

}



[7.144][FINER]:     Waiting for all views to stop loading...

[7.144][FINER]:     Done waiting for all views to stop loading

[7.223][FINER]:     Waiting for all views to stop loading...

[11.048][FINER]:    Done waiting for all views to stop loading

[11.048][FINE]:     Command finished (/session/b28776ae56835f31af6aebb809f6db7f/element/:wdc:1349119013659/click) with response {

   "sessionId": "b28776ae56835f31af6aebb809f6db7f",

   "status": 0,

   "value": {



   }

}



[11.054][FINE]:     Command received (/session/b28776ae56835f31af6aebb809f6db7f/element) with params {

   "using": "css selector",

   "value": "#userAccount"

}



[11.055][FINER]:    Waiting for all views to stop loading...

[11.055][FINER]:    Done waiting for all views to stop loading

[11.079][FINER]:    Waiting for all views to stop loading...

[11.080][FINER]:    Done waiting for all views to stop loading

[11.080][FINE]:     Command finished (/session/b28776ae56835f31af6aebb809f6db7f/element) with response {

   "sessionId": "b28776ae56835f31af6aebb809f6db7f",

   "status": 0,

   "value": {

      "ELEMENT": ":wdc:1349119018138"

   }

}



[11.084][FINE]:     Command received (/session/b28776ae56835f31af6aebb809f6db7f/element/:wdc:1349119018138/click) with params {

   "id": ":wdc:1349119018138"

}



[11.084][FINER]:    Waiting for all views to stop loading...

[11.085][FINER]:    Done waiting for all views to stop loading

[11.134][WARNING]:  Element's descendant would receive the click. Consider clicking the descendant instead. Descendant: <a href="/customer/account/#" class="dropdown-toggle" data-toggle="dropdown">...</a>

[11.238][FINER]:    Waiting for all views to stop loading...

[11.239][FINER]:    Done waiting for all views to stop loading

[11.239][FINE]:     Command finished (/session/b28776ae56835f31af6aebb809f6db7f/element/:wdc:1349119018138/click) with response {

   "sessionId": "b28776ae56835f31af6aebb809f6db7f",

   "status": 0,

   "value": {



   }

}



[11.242][FINE]:     Command received (/session/b28776ae56835f31af6aebb809f6db7f/element) with params {

   "using": "css selector",

   "value": "ul.dropdown-menu\u003Eli:nth-of-type(1)"

}



[11.242][FINER]:    Waiting for all views to stop loading...

[11.243][FINER]:    Done waiting for all views to stop loading

[11.261][FINER]:    Waiting for all views to stop loading...

[11.261][FINER]:    Done waiting for all views to stop loading

[11.261][FINE]:     Command finished (/session/b28776ae56835f31af6aebb809f6db7f/element) with response {

   "sessionId": "b28776ae56835f31af6aebb809f6db7f",

   "status": 0,

   "value": {

      "ELEMENT": ":wdc:1349119018139"

   }

}



[11.264][FINE]:     Command received (/session/b28776ae56835f31af6aebb809f6db7f/element/:wdc:1349119018139/click) with params {

   "id": ":wdc:1349119018139"

}



[11.264][FINER]:    Waiting for all views to stop loading...

[11.265][FINER]:    Done waiting for all views to stop loading

[11.304][WARNING]:  Element's descendant would receive the click. Consider clicking the descendant instead. Descendant: <a href="/customer/account/">...</a>

[11.414][FINER]:    Waiting for all views to stop loading...

[12.566][FINER]:    Done waiting for all views to stop loading

[12.566][FINE]:     Command finished (/session/b28776ae56835f31af6aebb809f6db7f/element/:wdc:1349119018139/click) with response {

   "sessionId": "b28776ae56835f31af6aebb809f6db7f",

   "status": 0,

   "value": {



   }

}



[12.570][FINE]:     Command received (/session/b28776ae56835f31af6aebb809f6db7f/element) with params {

   "using": "xpath",

   "value": "//*[@id='mainContent']/div[1]/div[3]/div/div[3]/h3/a"

}



[12.570][FINER]:    Waiting for all views to stop loading...

[12.574][FINER]:    Done waiting for all views to stop loading

[12.697][FINER]:    Waiting for all views to stop loading...

[12.763][FINER]:    Done waiting for all views to stop loading

[12.764][FINE]:     Command finished (/session/b28776ae56835f31af6aebb809f6db7f/element) with response {

   "sessionId": "b28776ae56835f31af6aebb809f6db7f",

   "status": 0,

   "value": {

      "ELEMENT": ":wdc:1349119019756"

   }

}



[12.767][FINE]:     Command received (/session/b28776ae56835f31af6aebb809f6db7f/element/:wdc:1349119019756/click) with params {

   "id": ":wdc:1349119019756"

}



[12.767][FINER]:    Waiting for all views to stop loading...

[12.767][FINER]:    Done waiting for all views to stop loading

[12.874][FINER]:    Waiting for all views to stop loading...

[14.149][FINER]:    Done waiting for all views to stop loading

[14.149][FINE]:     Command finished (/session/b28776ae56835f31af6aebb809f6db7f/element/:wdc:1349119019756/click) with response {

   "sessionId": "b28776ae56835f31af6aebb809f6db7f",

   "status": 0,

   "value": {



   }

}



[14.154][FINE]:     Command received (/session/b28776ae56835f31af6aebb809f6db7f/element) with params {

   "using": "xpath",

   "value": "//*[@id='mainContent']/div/div[3]/div/div[1]/h2/button"

}



[14.154][FINER]:    Waiting for all views to stop loading...

[14.154][FINER]:    Done waiting for all views to stop loading

[14.185][FINER]:    Waiting for all views to stop loading...

[14.445][FINER]:    Done waiting for all views to stop loading

[14.445][FINE]:     Command finished (/session/b28776ae56835f31af6aebb809f6db7f/element) with response {

   "sessionId": "b28776ae56835f31af6aebb809f6db7f",

   "status": 0,

   "value": {

      "ELEMENT": ":wdc:1349119021244"

   }

}



[14.450][FINE]:     Command received (/session/b28776ae56835f31af6aebb809f6db7f/element/:wdc:1349119021244/click) with params {

   "id": ":wdc:1349119021244"

}



[14.450][FINER]:    Waiting for all views to stop loading...

[14.450][FINER]:    Done waiting for all views to stop loading

[14.551][FINER]:    Waiting for all views to stop loading...

[15.393][FINER]:    Done waiting for all views to stop loading

[15.393][FINE]:     Command finished (/session/b28776ae56835f31af6aebb809f6db7f/element/:wdc:1349119021244/click) with response {

   "sessionId": "b28776ae56835f31af6aebb809f6db7f",

   "status": 0,

   "value": {



   }

}



[15.398][FINE]:     Command received (/session/b28776ae56835f31af6aebb809f6db7f/element) with params {

   "using": "xpath",

   "value": "//*[@id='firstname']"

}



[15.398][FINER]:    Waiting for all views to stop loading...

[15.399][FINER]:    Done waiting for all views to stop loading

[15.435][FINER]:    Waiting for all views to stop loading...

[15.436][FINER]:    Done waiting for all views to stop loading

[15.436][FINE]:     Command finished (/session/b28776ae56835f31af6aebb809f6db7f/element) with response {

   "sessionId": "b28776ae56835f31af6aebb809f6db7f",

   "status": 0,

   "value": {

      "ELEMENT": ":wdc:1349119022494"

   }

}



[15.439][FINE]:     Command received (/session/b28776ae56835f31af6aebb809f6db7f/element/:wdc:1349119022494/clear) with params {

   "id": ":wdc:1349119022494"

}



[15.439][FINER]:    Waiting for all views to stop loading...

[15.439][FINER]:    Done waiting for all views to stop loading

[15.479][FINER]:    Waiting for all views to stop loading...

[15.480][FINER]:    Done waiting for all views to stop loading

[15.480][FINE]:     Command finished (/session/b28776ae56835f31af6aebb809f6db7f/element/:wdc:1349119022494/clear) with response {

   "sessionId": "b28776ae56835f31af6aebb809f6db7f",

   "status": 0,

   "value": null

}



[15.482][FINE]:     Command received (/session/b28776ae56835f31af6aebb809f6db7f/element) with params {

   "using": "xpath",

   "value": "//*[@id='firstname']"

}



[15.482][FINER]:    Waiting for all views to stop loading...

[15.483][FINER]:    Done waiting for all views to stop loading

[15.493][FINER]:    Waiting for all views to stop loading...

[15.494][FINER]:    Done waiting for all views to stop loading

[15.494][FINE]:     Command finished (/session/b28776ae56835f31af6aebb809f6db7f/element) with response {

   "sessionId": "b28776ae56835f31af6aebb809f6db7f",

   "status": 0,

   "value": {

      "ELEMENT": ":wdc:1349119022494"

   }

}



[15.497][FINE]:     Command received (/session/b28776ae56835f31af6aebb809f6db7f/element/:wdc:1349119022494/value) with params {

   "id": ":wdc:1349119022494",

   "value": [ "Syed" ]

}



[15.497][FINER]:    Waiting for all views to stop loading...

[15.497][FINER]:    Done waiting for all views to stop loading

[15.615][FINER]:    Waiting for all views to stop loading...

[15.616][FINER]:    Done waiting for all views to stop loading

[15.616][FINE]:     Command finished (/session/b28776ae56835f31af6aebb809f6db7f/element/:wdc:1349119022494/value) with response {

   "sessionId": "b28776ae56835f31af6aebb809f6db7f",

   "status": 0,

   "value": {



   }

}



[15.619][FINE]:     Command received (/session/b28776ae56835f31af6aebb809f6db7f/element) with params {

   "using": "xpath",

   "value": "//*[@id='lastname']"

}



[15.619][FINER]:    Waiting for all views to stop loading...

[15.619][FINER]:    Done waiting for all views to stop loading

[15.635][FINER]:    Waiting for all views to stop loading...

[15.635][FINER]:    Done waiting for all views to stop loading

[15.635][FINE]:     Command finished (/session/b28776ae56835f31af6aebb809f6db7f/element) with response {

   "sessionId": "b28776ae56835f31af6aebb809f6db7f",

   "status": 0,

   "value": {

      "ELEMENT": ":wdc:1349119022495"

   }

}



[15.638][FINE]:     Command received (/session/b28776ae56835f31af6aebb809f6db7f/element/:wdc:1349119022495/clear) with params {

   "id": ":wdc:1349119022495"

}



[15.638][FINER]:    Waiting for all views to stop loading...

[15.639][FINER]:    Done waiting for all views to stop loading

[15.682][FINER]:    Waiting for all views to stop loading...

[15.683][FINER]:    Done waiting for all views to stop loading

[15.683][FINE]:     Command finished (/session/b28776ae56835f31af6aebb809f6db7f/element/:wdc:1349119022495/clear) with response {

   "sessionId": "b28776ae56835f31af6aebb809f6db7f",

   "status": 0,

   "value": null

}



[15.685][FINE]:     Command received (/session/b28776ae56835f31af6aebb809f6db7f/element) with params {

   "using": "xpath",

   "value": "//*[@id='lastname']"

}



[15.685][FINER]:    Waiting for all views to stop loading...

[15.686][FINER]:    Done waiting for all views to stop loading

[15.746][FINER]:    Waiting for all views to stop loading...

[15.747][FINER]:    Done waiting for all views to stop loading

[15.747][FINE]:     Command finished (/session/b28776ae56835f31af6aebb809f6db7f/element) with response {

   "sessionId": "b28776ae56835f31af6aebb809f6db7f",

   "status": 0,

   "value": {

      "ELEMENT": ":wdc:1349119022495"

   }

}



[15.750][FINE]:     Command received (/session/b28776ae56835f31af6aebb809f6db7f/element/:wdc:1349119022495/value) with params {

   "id": ":wdc:1349119022495",

   "value": [ "Sayem" ]

}



[15.750][FINER]:    Waiting for all views to stop loading...

[15.750][FINER]:    Done waiting for all views to stop loading

[15.924][FINER]:    Waiting for all views to stop loading...

[16.191][FINER]:    Done waiting for all views to stop loading

[16.191][FINE]:     Command finished (/session/b28776ae56835f31af6aebb809f6db7f/element/:wdc:1349119022495/value) with response {

   "sessionId": "b28776ae56835f31af6aebb809f6db7f",

   "status": 0,

   "value": {



   }

}



[16.194][FINE]:     Command received (/session/b28776ae56835f31af6aebb809f6db7f/element) with params {

   "using": "xpath",

   "value": "//*[@id='telephone']"

}



[16.194][FINER]:    Waiting for all views to stop loading...

[16.194][FINER]:    Done waiting for all views to stop loading

[16.231][FINER]:    Waiting for all views to stop loading...

[16.231][FINER]:    Done waiting for all views to stop loading

[16.231][FINE]:     Command finished (/session/b28776ae56835f31af6aebb809f6db7f/element) with response {

   "sessionId": "b28776ae56835f31af6aebb809f6db7f",

   "status": 0,

   "value": {

      "ELEMENT": ":wdc:1349119022496"

   }

}



[16.235][FINE]:     Command received (/session/b28776ae56835f31af6aebb809f6db7f/element/:wdc:1349119022496/value) with params {

   "id": ":wdc:1349119022496",

   "value": [ "3478789462" ]

}



[16.235][FINER]:    Waiting for all views to stop loading...

[16.235][FINER]:    Done waiting for all views to stop loading

[16.566][FINER]:    Waiting for all views to stop loading...

[16.566][FINER]:    Done waiting for all views to stop loading

[16.566][FINE]:     Command finished (/session/b28776ae56835f31af6aebb809f6db7f/element/:wdc:1349119022496/value) with response {

   "sessionId": "b28776ae56835f31af6aebb809f6db7f",

   "status": 0,

   "value": {



   }

}



[16.569][FINE]:     Command received (/session/b28776ae56835f31af6aebb809f6db7f/element) with params {

   "using": "xpath",

   "value": "//*[@id='street_1']"

}



[16.569][FINER]:    Waiting for all views to stop loading...

[16.570][FINER]:    Done waiting for all views to stop loading

[16.599][FINER]:    Waiting for all views to stop loading...

[16.599][FINER]:    Done waiting for all views to stop loading

[16.599][FINE]:     Command finished (/session/b28776ae56835f31af6aebb809f6db7f/element) with response {

   "sessionId": "b28776ae56835f31af6aebb809f6db7f",

   "status": 0,

   "value": {

      "ELEMENT": ":wdc:1349119022497"

   }

}



[16.603][FINE]:     Command received (/session/b28776ae56835f31af6aebb809f6db7f/element/:wdc:1349119022497/value) with params {

   "id": ":wdc:1349119022497",

   "value": [ "32-48 30th St" ]

}



[16.603][FINER]:    Waiting for all views to stop loading...

[16.603][FINER]:    Done waiting for all views to stop loading

[16.853][FINER]:    Waiting for all views to stop loading...

[16.853][FINER]:    Done waiting for all views to stop loading

[16.853][FINE]:     Command finished (/session/b28776ae56835f31af6aebb809f6db7f/element/:wdc:1349119022497/value) with response {

   "sessionId": "b28776ae56835f31af6aebb809f6db7f",

   "status": 0,

   "value": {



   }

}



[16.856][FINE]:     Command received (/session/b28776ae56835f31af6aebb809f6db7f/element) with params {

   "using": "xpath",

   "value": "//*[@id='city']"

}



[16.856][FINER]:    Waiting for all views to stop loading...

[16.857][FINER]:    Done waiting for all views to stop loading

[16.877][FINER]:    Waiting for all views to stop loading...

[16.877][FINER]:    Done waiting for all views to stop loading

[16.877][FINE]:     Command finished (/session/b28776ae56835f31af6aebb809f6db7f/element) with response {

   "sessionId": "b28776ae56835f31af6aebb809f6db7f",

   "status": 0,

   "value": {

      "ELEMENT": ":wdc:1349119022498"

   }

}



[16.880][FINE]:     Command received (/session/b28776ae56835f31af6aebb809f6db7f/element/:wdc:1349119022498/value) with params {

   "id": ":wdc:1349119022498",

   "value": [ "Astoria" ]

}



[16.880][FINER]:    Waiting for all views to stop loading...

[16.881][FINER]:    Done waiting for all views to stop loading

[17.069][FINER]:    Waiting for all views to stop loading...

[17.070][FINER]:    Done waiting for all views to stop loading

[17.070][FINE]:     Command finished (/session/b28776ae56835f31af6aebb809f6db7f/element/:wdc:1349119022498/value) with response {

   "sessionId": "b28776ae56835f31af6aebb809f6db7f",

   "status": 0,

   "value": {



   }

}



[17.072][FINE]:     Command received (/session/b28776ae56835f31af6aebb809f6db7f/element) with params {

   "using": "xpath",

   "value": "//*[@id='region_id']"

}



[17.072][FINER]:    Waiting for all views to stop loading...

[17.073][FINER]:    Done waiting for all views to stop loading

[17.087][FINER]:    Waiting for all views to stop loading...

[17.087][FINER]:    Done waiting for all views to stop loading

[17.088][FINE]:     Command finished (/session/b28776ae56835f31af6aebb809f6db7f/element) with response {

   "sessionId": "b28776ae56835f31af6aebb809f6db7f",

   "status": 0,

   "value": {

      "ELEMENT": ":wdc:1349119022499"

   }

}



[17.090][FINE]:     Command received (/session/b28776ae56835f31af6aebb809f6db7f/element/:wdc:1349119022499/value) with params {

   "id": ":wdc:1349119022499",

   "value": [ "New York" ]

}



[17.090][FINER]:    Waiting for all views to stop loading...

[17.090][FINER]:    Done waiting for all views to stop loading

[17.283][FINER]:    Waiting for all views to stop loading...

[17.284][FINER]:    Done waiting for all views to stop loading

[17.284][FINE]:     Command finished (/session/b28776ae56835f31af6aebb809f6db7f/element/:wdc:1349119022499/value) with response {

   "sessionId": "b28776ae56835f31af6aebb809f6db7f",

   "status": 0,

   "value": {



   }

}



[17.287][FINE]:     Command received (/session/b28776ae56835f31af6aebb809f6db7f/element) with params {

   "using": "xpath",

   "value": "//*[@id='zip']"

}



[17.287][FINER]:    Waiting for all views to stop loading...

[17.287][FINER]:    Done waiting for all views to stop loading

[17.302][FINER]:    Waiting for all views to stop loading...

[17.302][FINER]:    Done waiting for all views to stop loading

[17.302][FINE]:     Command finished (/session/b28776ae56835f31af6aebb809f6db7f/element) with response {

   "sessionId": "b28776ae56835f31af6aebb809f6db7f",

   "status": 0,

   "value": {

      "ELEMENT": ":wdc:1349119022500"

   }

}



[17.305][FINE]:     Command received (/session/b28776ae56835f31af6aebb809f6db7f/element/:wdc:1349119022500/value) with params {

   "id": ":wdc:1349119022500",

   "value": [ "11106" ]

}



[17.305][FINER]:    Waiting for all views to stop loading...

[17.305][FINER]:    Done waiting for all views to stop loading

[17.423][FINER]:    Waiting for all views to stop loading...

[17.424][FINER]:    Done waiting for all views to stop loading

[17.424][FINE]:     Command finished (/session/b28776ae56835f31af6aebb809f6db7f/element/:wdc:1349119022500/value) with response {

   "sessionId": "b28776ae56835f31af6aebb809f6db7f",

   "status": 0,

   "value": {



   }

}



[17.427][FINE]:     Command received (/session/b28776ae56835f31af6aebb809f6db7f/element) with params {

   "using": "xpath",

   "value": "//*[@id='form-validate']/div[3]/button"

}



[17.427][FINER]:    Waiting for all views to stop loading...

[17.427][FINER]:    Done waiting for all views to stop loading

[17.443][FINER]:    Waiting for all views to stop loading...

[17.443][FINER]:    Done waiting for all views to stop loading

[17.444][FINE]:     Command finished (/session/b28776ae56835f31af6aebb809f6db7f/element) with response {

   "sessionId": "b28776ae56835f31af6aebb809f6db7f",

   "status": 0,

   "value": {

      "ELEMENT": ":wdc:1349119022501"

   }

}



[17.446][FINE]:     Command received (/session/b28776ae56835f31af6aebb809f6db7f/element/:wdc:1349119022501/click) with params {

   "id": ":wdc:1349119022501"

}



[17.446][FINER]:    Waiting for all views to stop loading...

[17.447][FINER]:    Done waiting for all views to stop loading

[17.516][WARNING]:  Element's descendant would receive the click. Consider clicking the descendant instead. Descendant: <span>...</span>

[17.560][FINER]:    Waiting for all views to stop loading...

[19.331][FINER]:    Done waiting for all views to stop loading

[19.331][FINE]:     Command finished (/session/b28776ae56835f31af6aebb809f6db7f/element/:wdc:1349119022501/click) with response {

   "sessionId": "b28776ae56835f31af6aebb809f6db7f",

   "status": 0,

   "value": {



   }

}



[19.335][FINE]:     Command received (/session/b28776ae56835f31af6aebb809f6db7f)

[19.507][INFO]:     Chrome shutdown

